<?xml version="1.0" encoding="UTF-8"?>
<!-- Generated by org.testng.reporters.JUnitReportReporter -->
<testsuite skipped="0" hostname="DESKTOP-9ECRCSO" name="cucumbarOptions.TestRunner" tests="1" failures="0" timestamp="2020-01-17T11:27:28 IST" time="87.868" errors="0">
  <testcase name="feature" time="87.868" classname="cucumbarOptions.TestRunner"/>
</testsuite> <!-- cucumbarOptions.TestRunner -->
