<?xml version="1.0" encoding="UTF-8"?>
<!-- Generated by org.testng.reporters.JUnitReportReporter -->
<testsuite skipped="0" hostname="DESKTOP-9ECRCSO" name="cucumbarOptions.TestRunner" tests="1" failures="0" timestamp="2020-01-16T15:27:26 IST" time="84.898" errors="0">
  <testcase name="feature" time="84.898" classname="cucumbarOptions.TestRunner"/>
  <system-out/>
</testsuite> <!-- cucumbarOptions.TestRunner -->
