<?xml version="1.0" encoding="UTF-8"?>
<!-- Generated by org.testng.reporters.JUnitReportReporter -->
<testsuite skipped="1" hostname="DESKTOP-9ECRCSO" name="Indus.NewSiteSubmitTest" tests="1" failures="0" timestamp="2020-01-14T19:35:28 IST" time="0.000" errors="0">
  <testcase name="SubmitNewSite" time="0.000" classname="Indus.NewSiteSubmitTest">
    <skipped/>
  </testcase> <!-- SubmitNewSite -->
  <system-out/>
</testsuite> <!-- Indus.NewSiteSubmitTest -->
