<?xml version="1.0" encoding="UTF-8"?>
<!-- Generated by org.testng.reporters.JUnitReportReporter -->
<testsuite skipped="0" hostname="DESKTOP-9ECRCSO" name="Indus.SignInTest" tests="1" failures="0" timestamp="14 Jan 2020 02:50:09 GMT" time="21.374" errors="0">
  <testcase name="SignInTest" time="21.374" classname="Indus.SignInTest"/>
</testsuite> <!-- Indus.SignInTest -->
