<?xml version="1.0" encoding="UTF-8"?>
<!-- Generated by org.testng.reporters.JUnitReportReporter -->
<testsuite skipped="0" hostname="DESKTOP-9ECRCSO" name="Indus.NewSiteNavigation" tests="3" failures="0" timestamp="2020-01-10T08:29:47 IST" time="57.727" errors="0">
  <testcase name="newSiteNavigation" time="0.364" classname="Indus.NewSiteNavigation"/>
  <system-out/>
  <testcase name="SignInTest" time="18.892" classname="Indus.NewSiteNavigation"/>
  <system-out/>
  <testcase name="SelectNewSiteValues" time="38.471" classname="Indus.NewSiteNavigation"/>
  <system-out/>
</testsuite> <!-- Indus.NewSiteNavigation -->
