<?xml version="1.0" encoding="UTF-8"?>
<!-- Generated by org.testng.reporters.JUnitReportReporter -->
<testsuite skipped="1" hostname="DESKTOP-9ECRCSO" name="Indus.NewSiteSelectValuesTest" tests="1" failures="0" timestamp="2020-01-14T19:35:28 IST" time="0.000" errors="0">
  <testcase name="SelectNewSiteValues" time="0.000" classname="Indus.NewSiteSelectValuesTest">
    <skipped/>
  </testcase> <!-- SelectNewSiteValues -->
  <system-out/>
</testsuite> <!-- Indus.NewSiteSelectValuesTest -->
